

Version:	3.10
CmdLine:	C:\Users\Horacio Informatica\Desktop\SISTEMA LIQUIDACION JAVA\Liquidacion 1.0.exe --l4j-debug
WOW64:		yes
Working dir:	C:\Users\Horacio Informatica\Desktop\SISTEMA LIQUIDACION JAVA\.
Java min ver:	1.8.0
Java max ver:	
64-bit search:	SOFTWARE\JavaSoft\Java Runtime Environment...
Check:		SOFTWARE\JavaSoft\Java Runtime Environment\1.7
Ignore:		1.7
Check:		SOFTWARE\JavaSoft\Java Runtime Environment\1.7.0_71
Ignore:		1.7.0_071
Check:		SOFTWARE\JavaSoft\Java Runtime Environment\1.8
Ignore:		1.8
Check:		SOFTWARE\JavaSoft\Java Runtime Environment\1.8.0_411
Check launcher:	C:\Program Files\Java\jre-1.8\bin\javaw.exe (OK)
Match:		1.8.0_411
64-bit search:	SOFTWARE\JavaSoft\Java Development Kit...
Check:		SOFTWARE\JavaSoft\Java Development Kit\1.7
Ignore:		1.7
Check:		SOFTWARE\JavaSoft\Java Development Kit\1.7.0_76
Ignore:		1.7.0_076
Check:		SOFTWARE\JavaSoft\Java Development Kit\1.8
Ignore:		1.8
Check:		SOFTWARE\JavaSoft\Java Development Kit\1.8.0_111
Ignore:		1.8.0_111
64-bit search:	SOFTWARE\JavaSoft\JRE...
64-bit search:	SOFTWARE\JavaSoft\JDK...
Check:		SOFTWARE\JavaSoft\JDK\17.0.7
Check launcher:	C:\Program Files\Java\jdk-17\jre\bin\javaw.exe (not found)
Ignore:		17.0.7
Runtime used:	1.8.0_411 (64-bit)
Launcher:	C:\Program Files\Java\jre-1.8\bin\javaw.exe
Launcher args:	-jar "C:\Users\Horacio Informatica\Desktop\SISTEMA LIQUIDACION JAVA\Liquidacion 1.0.exe"
Args length:	88/32768 chars
Exit code:	0


Version:	3.10
CmdLine:	C:\Users\Horacio Informatica\Desktop\SISTEMA LIQUIDACION JAVA\Liquidacion 1.0.exe --l4j-debug
WOW64:		yes
Working dir:	C:\Users\Horacio Informatica\Desktop\SISTEMA LIQUIDACION JAVA\.
Java min ver:	1.8.0
Java max ver:	
64-bit search:	SOFTWARE\JavaSoft\Java Runtime Environment...
Check:		SOFTWARE\JavaSoft\Java Runtime Environment\1.7
Ignore:		1.7
Check:		SOFTWARE\JavaSoft\Java Runtime Environment\1.7.0_71
Ignore:		1.7.0_071
Check:		SOFTWARE\JavaSoft\Java Runtime Environment\1.8
Ignore:		1.8
Check:		SOFTWARE\JavaSoft\Java Runtime Environment\1.8.0_411
Check launcher:	C:\Program Files\Java\jre-1.8\bin\javaw.exe (OK)
Match:		1.8.0_411
64-bit search:	SOFTWARE\JavaSoft\Java Development Kit...
Check:		SOFTWARE\JavaSoft\Java Development Kit\1.7
Ignore:		1.7
Check:		SOFTWARE\JavaSoft\Java Development Kit\1.7.0_76
Ignore:		1.7.0_076
Check:		SOFTWARE\JavaSoft\Java Development Kit\1.8
Ignore:		1.8
Check:		SOFTWARE\JavaSoft\Java Development Kit\1.8.0_111
Ignore:		1.8.0_111
64-bit search:	SOFTWARE\JavaSoft\JRE...
64-bit search:	SOFTWARE\JavaSoft\JDK...
Check:		SOFTWARE\JavaSoft\JDK\17.0.7
Check launcher:	C:\Program Files\Java\jdk-17\jre\bin\javaw.exe (not found)
Ignore:		17.0.7
Runtime used:	1.8.0_411 (64-bit)
Launcher:	C:\Program Files\Java\jre-1.8\bin\javaw.exe
Launcher args:	-jar "C:\Users\Horacio Informatica\Desktop\SISTEMA LIQUIDACION JAVA\Liquidacion 1.0.exe"
Args length:	88/32768 chars
Exit code:	0
